{"uid":"2278e1a85d8dce49","name":"test_contact","fullName":"test_progmusix.TestProgmusix#test_contact","historyId":"b5dce28c82d19d1a9dd51e40aa11eb9f","time":{"start":1724848947321,"stop":1724848960160,"duration":12839},"status":"broken","statusMessage":"selenium.common.exceptions.TimeoutException: Message: \nStacktrace:\n#0 0x557b6d54681a <unknown>\n#1 0x557b6d214e50 <unknown>\n#2 0x557b6d264644 <unknown>\n#3 0x557b6d264931 <unknown>\n#4 0x557b6d2aa534 <unknown>\n#5 0x557b6d2894bd <unknown>\n#6 0x557b6d2a79c6 <unknown>\n#7 0x557b6d289233 <unknown>\n#8 0x557b6d257093 <unknown>\n#9 0x557b6d25809e <unknown>\n#10 0x557b6d50da7b <unknown>\n#11 0x557b6d511a31 <unknown>\n#12 0x557b6d4f9645 <unknown>\n#13 0x557b6d5125a2 <unknown>\n#14 0x557b6d4de81f <unknown>\n#15 0x557b6d535618 <unknown>\n#16 0x557b6d5357e2 <unknown>\n#17 0x557b6d54560c <unknown>\n#18 0x7f1b25694ac3 <unknown>","statusTrace":"self = <test_progmusix.TestProgmusix object at 0x7fa4f0e311b0>\n\n    def test_contact(self):\n>       self.page.contact_method()\n\ntest_progmusix.py:36: \n_ _ _ _ _ _ _ _ _ _ _ _ _ _ _ _ _ _ _ _ _ _ _ _ _ _ _ _ _ _ _ _ _ _ _ _ _ _ _ _ \npage_model.py:216: in contact_method\n    self.contact_sent_btn().click()\npage_model.py:170: in contact_sent_btn\n    return WebDriverWait(self.browser, 10).until(EC.visibility_of_element_located((By.XPATH, '//button[@class=\"mat-focus-indicator mat-raised-button mat-button-base mat-accent\"]')))\n_ _ _ _ _ _ _ _ _ _ _ _ _ _ _ _ _ _ _ _ _ _ _ _ _ _ _ _ _ _ _ _ _ _ _ _ _ _ _ _ \n\nself = <selenium.webdriver.support.wait.WebDriverWait (session=\"365d7879eb07672fa502353c639407de\")>\nmethod = <function visibility_of_element_located.<locals>._predicate at 0x7fa4f0b06b90>\nmessage = ''\n\n    def until(self, method: Callable[[D], Union[Literal[False], T]], message: str = \"\") -> T:\n        \"\"\"Calls the method provided with the driver as an argument until the \\\n        return value does not evaluate to ``False``.\n    \n        :param method: callable(WebDriver)\n        :param message: optional message for :exc:`TimeoutException`\n        :returns: the result of the last call to `method`\n        :raises: :exc:`selenium.common.exceptions.TimeoutException` if timeout occurs\n        \"\"\"\n        screen = None\n        stacktrace = None\n    \n        end_time = time.monotonic() + self._timeout\n        while True:\n            try:\n                value = method(self._driver)\n                if value:\n                    return value\n            except self._ignored_exceptions as exc:\n                screen = getattr(exc, \"screen\", None)\n                stacktrace = getattr(exc, \"stacktrace\", None)\n            time.sleep(self._poll)\n            if time.monotonic() > end_time:\n                break\n>       raise TimeoutException(message, screen, stacktrace)\nE       selenium.common.exceptions.TimeoutException: Message: \nE       Stacktrace:\nE       #0 0x557b6d54681a <unknown>\nE       #1 0x557b6d214e50 <unknown>\nE       #2 0x557b6d264644 <unknown>\nE       #3 0x557b6d264931 <unknown>\nE       #4 0x557b6d2aa534 <unknown>\nE       #5 0x557b6d2894bd <unknown>\nE       #6 0x557b6d2a79c6 <unknown>\nE       #7 0x557b6d289233 <unknown>\nE       #8 0x557b6d257093 <unknown>\nE       #9 0x557b6d25809e <unknown>\nE       #10 0x557b6d50da7b <unknown>\nE       #11 0x557b6d511a31 <unknown>\nE       #12 0x557b6d4f9645 <unknown>\nE       #13 0x557b6d5125a2 <unknown>\nE       #14 0x557b6d4de81f <unknown>\nE       #15 0x557b6d535618 <unknown>\nE       #16 0x557b6d5357e2 <unknown>\nE       #17 0x557b6d54560c <unknown>\nE       #18 0x7f1b25694ac3 <unknown>\n\n/opt/hostedtoolcache/Python/3.10.14/x64/lib/python3.10/site-packages/selenium/webdriver/support/wait.py:105: TimeoutException","flaky":false,"newFailed":false,"newBroken":false,"newPassed":false,"retriesCount":0,"retriesStatusChange":false,"beforeStages":[{"name":"_xunit_setup_method_fixture_TestProgmusix","time":{"start":1724848946794,"stop":1724848947320,"duration":526},"status":"passed","steps":[],"attachments":[],"parameters":[],"shouldDisplayMessage":false,"stepsCount":0,"attachmentsCount":0,"hasContent":false,"attachmentStep":false}],"afterStages":[{"name":"_xunit_setup_method_fixture_TestProgmusix::0","time":{"start":1724848960201,"stop":1724848960312,"duration":111},"status":"passed","steps":[],"attachments":[],"parameters":[],"shouldDisplayMessage":false,"stepsCount":0,"attachmentsCount":0,"hasContent":false,"attachmentStep":false}],"labels":[{"name":"suite","value":"test_progmusix"},{"name":"subSuite","value":"TestProgmusix"},{"name":"host","value":"fv-az883-33"},{"name":"thread","value":"3431-MainThread"},{"name":"framework","value":"pytest"},{"name":"language","value":"cpython3"},{"name":"package","value":"test_progmusix"},{"name":"resultFormat","value":"allure2"}],"parameters":[],"links":[],"hidden":false,"retry":false,"extra":{"severity":"normal","retries":[],"categories":[{"name":"Test defects","matchedStatuses":[],"flaky":false}],"tags":[]},"source":"2278e1a85d8dce49.json","parameterValues":[]}