{"uid":"55d16f74e319fd7e","name":"test_contact","fullName":"test_progmusix.TestProgmusix#test_contact","historyId":"b5dce28c82d19d1a9dd51e40aa11eb9f","time":{"start":1724848314476,"stop":1724848324831,"duration":10355},"status":"broken","statusMessage":"selenium.common.exceptions.TimeoutException: Message: \nStacktrace:\n#0 0x55f4316946ca <unknown>\n#1 0x55f431365600 <unknown>\n#2 0x55f4313b4bcb <unknown>\n#3 0x55f4313b4eb1 <unknown>\n#4 0x55f4313f8b24 <unknown>\n#5 0x55f4313d78cd <unknown>\n#6 0x55f4313f604a <unknown>\n#7 0x55f4313d7643 <unknown>\n#8 0x55f4313a7d31 <unknown>\n#9 0x55f4313a879e <unknown>\n#10 0x55f43165c25b <unknown>\n#11 0x55f4316601f2 <unknown>\n#12 0x55f431649615 <unknown>\n#13 0x55f431660d82 <unknown>\n#14 0x55f43162e25f <unknown>\n#15 0x55f431683e68 <unknown>\n#16 0x55f431684040 <unknown>\n#17 0x55f43169349c <unknown>\n#18 0x7ffa7fc94ac3 <unknown>","statusTrace":"self = <test_progmusix.TestProgmusix object at 0x7fee4ea0d0f0>\n\n    def test_contact(self):\n>       self.page.contact_method()\n\ntest_progmusix.py:36: \n_ _ _ _ _ _ _ _ _ _ _ _ _ _ _ _ _ _ _ _ _ _ _ _ _ _ _ _ _ _ _ _ _ _ _ _ _ _ _ _ \npage_model.py:214: in contact_method\n    self.contact_sent_btn().click()\npage_model.py:170: in contact_sent_btn\n    return WebDriverWait(self.browser, 10, 0.2).until(EC.visibility_of_element_located((By.XPATH, '//button[@color=\"accent\"]')))\n_ _ _ _ _ _ _ _ _ _ _ _ _ _ _ _ _ _ _ _ _ _ _ _ _ _ _ _ _ _ _ _ _ _ _ _ _ _ _ _ \n\nself = <selenium.webdriver.support.wait.WebDriverWait (session=\"403571e92ced784d64d4699ec657cd10\")>\nmethod = <function visibility_of_element_located.<locals>._predicate at 0x7fee4dd0aa70>\nmessage = ''\n\n    def until(self, method: Callable[[D], Union[Literal[False], T]], message: str = \"\") -> T:\n        \"\"\"Calls the method provided with the driver as an argument until the \\\n        return value does not evaluate to ``False``.\n    \n        :param method: callable(WebDriver)\n        :param message: optional message for :exc:`TimeoutException`\n        :returns: the result of the last call to `method`\n        :raises: :exc:`selenium.common.exceptions.TimeoutException` if timeout occurs\n        \"\"\"\n        screen = None\n        stacktrace = None\n    \n        end_time = time.monotonic() + self._timeout\n        while True:\n            try:\n                value = method(self._driver)\n                if value:\n                    return value\n            except self._ignored_exceptions as exc:\n                screen = getattr(exc, \"screen\", None)\n                stacktrace = getattr(exc, \"stacktrace\", None)\n            time.sleep(self._poll)\n            if time.monotonic() > end_time:\n                break\n>       raise TimeoutException(message, screen, stacktrace)\nE       selenium.common.exceptions.TimeoutException: Message: \nE       Stacktrace:\nE       #0 0x55f4316946ca <unknown>\nE       #1 0x55f431365600 <unknown>\nE       #2 0x55f4313b4bcb <unknown>\nE       #3 0x55f4313b4eb1 <unknown>\nE       #4 0x55f4313f8b24 <unknown>\nE       #5 0x55f4313d78cd <unknown>\nE       #6 0x55f4313f604a <unknown>\nE       #7 0x55f4313d7643 <unknown>\nE       #8 0x55f4313a7d31 <unknown>\nE       #9 0x55f4313a879e <unknown>\nE       #10 0x55f43165c25b <unknown>\nE       #11 0x55f4316601f2 <unknown>\nE       #12 0x55f431649615 <unknown>\nE       #13 0x55f431660d82 <unknown>\nE       #14 0x55f43162e25f <unknown>\nE       #15 0x55f431683e68 <unknown>\nE       #16 0x55f431684040 <unknown>\nE       #17 0x55f43169349c <unknown>\nE       #18 0x7ffa7fc94ac3 <unknown>\n\n/opt/hostedtoolcache/Python/3.10.14/x64/lib/python3.10/site-packages/selenium/webdriver/support/wait.py:105: TimeoutException","flaky":false,"newFailed":false,"newBroken":false,"newPassed":false,"retriesCount":0,"retriesStatusChange":false,"beforeStages":[{"name":"_xunit_setup_method_fixture_TestProgmusix","time":{"start":1724848314036,"stop":1724848314475,"duration":439},"status":"passed","steps":[],"attachments":[],"parameters":[],"shouldDisplayMessage":false,"stepsCount":0,"attachmentsCount":0,"hasContent":false,"attachmentStep":false}],"afterStages":[{"name":"_xunit_setup_method_fixture_TestProgmusix::0","time":{"start":1724848324871,"stop":1724848324925,"duration":54},"status":"passed","steps":[],"attachments":[],"parameters":[],"shouldDisplayMessage":false,"stepsCount":0,"attachmentsCount":0,"hasContent":false,"attachmentStep":false}],"labels":[{"name":"suite","value":"test_progmusix"},{"name":"subSuite","value":"TestProgmusix"},{"name":"host","value":"fv-az1535-547"},{"name":"thread","value":"3321-MainThread"},{"name":"framework","value":"pytest"},{"name":"language","value":"cpython3"},{"name":"package","value":"test_progmusix"},{"name":"resultFormat","value":"allure2"}],"parameters":[],"links":[],"hidden":false,"retry":false,"extra":{"severity":"normal","retries":[],"categories":[{"name":"Test defects","matchedStatuses":[],"flaky":false}],"tags":[]},"source":"55d16f74e319fd7e.json","parameterValues":[]}