{"uid":"40d8f4e5d4909346","name":"test_contact","fullName":"test_progmusix.TestProgmusix#test_contact","historyId":"b5dce28c82d19d1a9dd51e40aa11eb9f","time":{"start":1724846469094,"stop":1724846474604,"duration":5510},"status":"broken","statusMessage":"selenium.common.exceptions.TimeoutException: Message: \nStacktrace:\n#0 0x564e45e366ca <unknown>\n#1 0x564e45b07600 <unknown>\n#2 0x564e45b56bcb <unknown>\n#3 0x564e45b56eb1 <unknown>\n#4 0x564e45b9ab24 <unknown>\n#5 0x564e45b798cd <unknown>\n#6 0x564e45b9804a <unknown>\n#7 0x564e45b79643 <unknown>\n#8 0x564e45b49d31 <unknown>\n#9 0x564e45b4a79e <unknown>\n#10 0x564e45dfe25b <unknown>\n#11 0x564e45e021f2 <unknown>\n#12 0x564e45deb615 <unknown>\n#13 0x564e45e02d82 <unknown>\n#14 0x564e45dd025f <unknown>\n#15 0x564e45e25e68 <unknown>\n#16 0x564e45e26040 <unknown>\n#17 0x564e45e3549c <unknown>\n#18 0x7f76e9694ac3 <unknown>","statusTrace":"self = <test_progmusix.TestProgmusix object at 0x7f3c60a411b0>\n\n    def test_contact(self):\n>       self.page.contact_method()\n\ntest_progmusix.py:36: \n_ _ _ _ _ _ _ _ _ _ _ _ _ _ _ _ _ _ _ _ _ _ _ _ _ _ _ _ _ _ _ _ _ _ _ _ _ _ _ _ \npage_model.py:274: in contact_method\n    self.contact_sent_btn().click()\npage_model.py:170: in contact_sent_btn\n    return WebDriverWait(self.browser,5).until(EC.visibility_of_element_located((By.XPATH,'//button[@color=\"accent\"]')))\n_ _ _ _ _ _ _ _ _ _ _ _ _ _ _ _ _ _ _ _ _ _ _ _ _ _ _ _ _ _ _ _ _ _ _ _ _ _ _ _ \n\nself = <selenium.webdriver.support.wait.WebDriverWait (session=\"ab69bb14546784a76df09db10020169f\")>\nmethod = <function visibility_of_element_located.<locals>._predicate at 0x7f3c6070ec20>\nmessage = ''\n\n    def until(self, method: Callable[[D], Union[Literal[False], T]], message: str = \"\") -> T:\n        \"\"\"Calls the method provided with the driver as an argument until the \\\n        return value does not evaluate to ``False``.\n    \n        :param method: callable(WebDriver)\n        :param message: optional message for :exc:`TimeoutException`\n        :returns: the result of the last call to `method`\n        :raises: :exc:`selenium.common.exceptions.TimeoutException` if timeout occurs\n        \"\"\"\n        screen = None\n        stacktrace = None\n    \n        end_time = time.monotonic() + self._timeout\n        while True:\n            try:\n                value = method(self._driver)\n                if value:\n                    return value\n            except self._ignored_exceptions as exc:\n                screen = getattr(exc, \"screen\", None)\n                stacktrace = getattr(exc, \"stacktrace\", None)\n            time.sleep(self._poll)\n            if time.monotonic() > end_time:\n                break\n>       raise TimeoutException(message, screen, stacktrace)\nE       selenium.common.exceptions.TimeoutException: Message: \nE       Stacktrace:\nE       #0 0x564e45e366ca <unknown>\nE       #1 0x564e45b07600 <unknown>\nE       #2 0x564e45b56bcb <unknown>\nE       #3 0x564e45b56eb1 <unknown>\nE       #4 0x564e45b9ab24 <unknown>\nE       #5 0x564e45b798cd <unknown>\nE       #6 0x564e45b9804a <unknown>\nE       #7 0x564e45b79643 <unknown>\nE       #8 0x564e45b49d31 <unknown>\nE       #9 0x564e45b4a79e <unknown>\nE       #10 0x564e45dfe25b <unknown>\nE       #11 0x564e45e021f2 <unknown>\nE       #12 0x564e45deb615 <unknown>\nE       #13 0x564e45e02d82 <unknown>\nE       #14 0x564e45dd025f <unknown>\nE       #15 0x564e45e25e68 <unknown>\nE       #16 0x564e45e26040 <unknown>\nE       #17 0x564e45e3549c <unknown>\nE       #18 0x7f76e9694ac3 <unknown>\n\n/opt/hostedtoolcache/Python/3.10.14/x64/lib/python3.10/site-packages/selenium/webdriver/support/wait.py:105: TimeoutException","flaky":false,"newFailed":false,"newBroken":false,"newPassed":false,"retriesCount":0,"retriesStatusChange":false,"beforeStages":[{"name":"_xunit_setup_method_fixture_TestProgmusix","time":{"start":1724846468659,"stop":1724846469093,"duration":434},"status":"passed","steps":[],"attachments":[],"parameters":[],"shouldDisplayMessage":false,"stepsCount":0,"attachmentsCount":0,"hasContent":false,"attachmentStep":false}],"afterStages":[{"name":"_xunit_setup_method_fixture_TestProgmusix::0","time":{"start":1724846474645,"stop":1724846474699,"duration":54},"status":"passed","steps":[],"attachments":[],"parameters":[],"shouldDisplayMessage":false,"stepsCount":0,"attachmentsCount":0,"hasContent":false,"attachmentStep":false}],"labels":[{"name":"suite","value":"test_progmusix"},{"name":"subSuite","value":"TestProgmusix"},{"name":"host","value":"fv-az2022-986"},{"name":"thread","value":"3372-MainThread"},{"name":"framework","value":"pytest"},{"name":"language","value":"cpython3"},{"name":"package","value":"test_progmusix"},{"name":"resultFormat","value":"allure2"}],"parameters":[],"links":[],"hidden":false,"retry":false,"extra":{"severity":"normal","retries":[],"categories":[{"name":"Test defects","matchedStatuses":[],"flaky":false}],"tags":[]},"source":"40d8f4e5d4909346.json","parameterValues":[]}