{"uid":"d44ee5c1bb3a4cf0","name":"test_contact","fullName":"test_progmusix.TestProgmusix#test_contact","historyId":"b5dce28c82d19d1a9dd51e40aa11eb9f","time":{"start":1724850006087,"stop":1724850018719,"duration":12632},"status":"broken","statusMessage":"selenium.common.exceptions.TimeoutException: Message: \nStacktrace:\n#0 0x55a4e33996ca <unknown>\n#1 0x55a4e306a600 <unknown>\n#2 0x55a4e30b9bcb <unknown>\n#3 0x55a4e30b9eb1 <unknown>\n#4 0x55a4e30fdb24 <unknown>\n#5 0x55a4e30dc8cd <unknown>\n#6 0x55a4e30fb04a <unknown>\n#7 0x55a4e30dc643 <unknown>\n#8 0x55a4e30acd31 <unknown>\n#9 0x55a4e30ad79e <unknown>\n#10 0x55a4e336125b <unknown>\n#11 0x55a4e33651f2 <unknown>\n#12 0x55a4e334e615 <unknown>\n#13 0x55a4e3365d82 <unknown>\n#14 0x55a4e333325f <unknown>\n#15 0x55a4e3388e68 <unknown>\n#16 0x55a4e3389040 <unknown>\n#17 0x55a4e339849c <unknown>\n#18 0x7f40c4494ac3 <unknown>","statusTrace":"self = <test_progmusix.TestProgmusix object at 0x7f70add11270>\n\n    def test_contact(self):\n>       self.page.contact_method()\n\ntest_progmusix.py:36: \n_ _ _ _ _ _ _ _ _ _ _ _ _ _ _ _ _ _ _ _ _ _ _ _ _ _ _ _ _ _ _ _ _ _ _ _ _ _ _ _ \npage_model.py:216: in contact_method\n    self.contact_sent_btn().click()\npage_model.py:170: in contact_sent_btn\n    return WebDriverWait(self.browser, 10).until(EC.visibility_of_element_located((By.XPATH, '//button[@color=\"accent\"]')))\n_ _ _ _ _ _ _ _ _ _ _ _ _ _ _ _ _ _ _ _ _ _ _ _ _ _ _ _ _ _ _ _ _ _ _ _ _ _ _ _ \n\nself = <selenium.webdriver.support.wait.WebDriverWait (session=\"cccd8dac3fd87dfe017b437a084c58ac\")>\nmethod = <function visibility_of_element_located.<locals>._predicate at 0x7f70ad7f2b00>\nmessage = ''\n\n    def until(self, method: Callable[[D], Union[Literal[False], T]], message: str = \"\") -> T:\n        \"\"\"Calls the method provided with the driver as an argument until the \\\n        return value does not evaluate to ``False``.\n    \n        :param method: callable(WebDriver)\n        :param message: optional message for :exc:`TimeoutException`\n        :returns: the result of the last call to `method`\n        :raises: :exc:`selenium.common.exceptions.TimeoutException` if timeout occurs\n        \"\"\"\n        screen = None\n        stacktrace = None\n    \n        end_time = time.monotonic() + self._timeout\n        while True:\n            try:\n                value = method(self._driver)\n                if value:\n                    return value\n            except self._ignored_exceptions as exc:\n                screen = getattr(exc, \"screen\", None)\n                stacktrace = getattr(exc, \"stacktrace\", None)\n            time.sleep(self._poll)\n            if time.monotonic() > end_time:\n                break\n>       raise TimeoutException(message, screen, stacktrace)\nE       selenium.common.exceptions.TimeoutException: Message: \nE       Stacktrace:\nE       #0 0x55a4e33996ca <unknown>\nE       #1 0x55a4e306a600 <unknown>\nE       #2 0x55a4e30b9bcb <unknown>\nE       #3 0x55a4e30b9eb1 <unknown>\nE       #4 0x55a4e30fdb24 <unknown>\nE       #5 0x55a4e30dc8cd <unknown>\nE       #6 0x55a4e30fb04a <unknown>\nE       #7 0x55a4e30dc643 <unknown>\nE       #8 0x55a4e30acd31 <unknown>\nE       #9 0x55a4e30ad79e <unknown>\nE       #10 0x55a4e336125b <unknown>\nE       #11 0x55a4e33651f2 <unknown>\nE       #12 0x55a4e334e615 <unknown>\nE       #13 0x55a4e3365d82 <unknown>\nE       #14 0x55a4e333325f <unknown>\nE       #15 0x55a4e3388e68 <unknown>\nE       #16 0x55a4e3389040 <unknown>\nE       #17 0x55a4e339849c <unknown>\nE       #18 0x7f40c4494ac3 <unknown>\n\n/opt/hostedtoolcache/Python/3.10.14/x64/lib/python3.10/site-packages/selenium/webdriver/support/wait.py:105: TimeoutException","flaky":false,"newFailed":false,"newBroken":false,"newPassed":false,"retriesCount":0,"retriesStatusChange":false,"beforeStages":[{"name":"_xunit_setup_method_fixture_TestProgmusix","time":{"start":1724850005640,"stop":1724850006086,"duration":446},"status":"passed","steps":[],"attachments":[],"parameters":[],"shouldDisplayMessage":false,"stepsCount":0,"attachmentsCount":0,"hasContent":false,"attachmentStep":false}],"afterStages":[{"name":"_xunit_setup_method_fixture_TestProgmusix::0","time":{"start":1724850018759,"stop":1724850018813,"duration":54},"status":"passed","steps":[],"attachments":[],"parameters":[],"shouldDisplayMessage":false,"stepsCount":0,"attachmentsCount":0,"hasContent":false,"attachmentStep":false}],"labels":[{"name":"suite","value":"test_progmusix"},{"name":"subSuite","value":"TestProgmusix"},{"name":"host","value":"fv-az1114-392"},{"name":"thread","value":"3386-MainThread"},{"name":"framework","value":"pytest"},{"name":"language","value":"cpython3"},{"name":"package","value":"test_progmusix"},{"name":"resultFormat","value":"allure2"}],"parameters":[],"links":[],"hidden":false,"retry":false,"extra":{"severity":"normal","retries":[],"categories":[{"name":"Test defects","matchedStatuses":[],"flaky":false}],"tags":[]},"source":"d44ee5c1bb3a4cf0.json","parameterValues":[]}