{"uid":"b4185d009e9a722","name":"test_contact","fullName":"test_progmusix.TestProgmusix#test_contact","historyId":"b5dce28c82d19d1a9dd51e40aa11eb9f","time":{"start":1724849773712,"stop":1724849786408,"duration":12696},"status":"broken","statusMessage":"selenium.common.exceptions.TimeoutException: Message: \nStacktrace:\n#0 0x5591f3bf56ca <unknown>\n#1 0x5591f38c6600 <unknown>\n#2 0x5591f3915bcb <unknown>\n#3 0x5591f3915eb1 <unknown>\n#4 0x5591f3959b24 <unknown>\n#5 0x5591f39388cd <unknown>\n#6 0x5591f395704a <unknown>\n#7 0x5591f3938643 <unknown>\n#8 0x5591f3908d31 <unknown>\n#9 0x5591f390979e <unknown>\n#10 0x5591f3bbd25b <unknown>\n#11 0x5591f3bc11f2 <unknown>\n#12 0x5591f3baa615 <unknown>\n#13 0x5591f3bc1d82 <unknown>\n#14 0x5591f3b8f25f <unknown>\n#15 0x5591f3be4e68 <unknown>\n#16 0x5591f3be5040 <unknown>\n#17 0x5591f3bf449c <unknown>\n#18 0x7fcb00094ac3 <unknown>","statusTrace":"self = <test_progmusix.TestProgmusix object at 0x7fd8f6829270>\n\n    def test_contact(self):\n>       self.page.contact_method()\n\ntest_progmusix.py:36: \n_ _ _ _ _ _ _ _ _ _ _ _ _ _ _ _ _ _ _ _ _ _ _ _ _ _ _ _ _ _ _ _ _ _ _ _ _ _ _ _ \npage_model.py:216: in contact_method\n    self.contact_sent_btn().click()\npage_model.py:170: in contact_sent_btn\n    return WebDriverWait(self.browser, 10).until(EC.visibility_of_element_located((By.XPATH, '//button[@color=\"accent\"]')))\n_ _ _ _ _ _ _ _ _ _ _ _ _ _ _ _ _ _ _ _ _ _ _ _ _ _ _ _ _ _ _ _ _ _ _ _ _ _ _ _ \n\nself = <selenium.webdriver.support.wait.WebDriverWait (session=\"9d99bb48291e594f04a9669656979370\")>\nmethod = <function visibility_of_element_located.<locals>._predicate at 0x7fd8f6502b00>\nmessage = ''\n\n    def until(self, method: Callable[[D], Union[Literal[False], T]], message: str = \"\") -> T:\n        \"\"\"Calls the method provided with the driver as an argument until the \\\n        return value does not evaluate to ``False``.\n    \n        :param method: callable(WebDriver)\n        :param message: optional message for :exc:`TimeoutException`\n        :returns: the result of the last call to `method`\n        :raises: :exc:`selenium.common.exceptions.TimeoutException` if timeout occurs\n        \"\"\"\n        screen = None\n        stacktrace = None\n    \n        end_time = time.monotonic() + self._timeout\n        while True:\n            try:\n                value = method(self._driver)\n                if value:\n                    return value\n            except self._ignored_exceptions as exc:\n                screen = getattr(exc, \"screen\", None)\n                stacktrace = getattr(exc, \"stacktrace\", None)\n            time.sleep(self._poll)\n            if time.monotonic() > end_time:\n                break\n>       raise TimeoutException(message, screen, stacktrace)\nE       selenium.common.exceptions.TimeoutException: Message: \nE       Stacktrace:\nE       #0 0x5591f3bf56ca <unknown>\nE       #1 0x5591f38c6600 <unknown>\nE       #2 0x5591f3915bcb <unknown>\nE       #3 0x5591f3915eb1 <unknown>\nE       #4 0x5591f3959b24 <unknown>\nE       #5 0x5591f39388cd <unknown>\nE       #6 0x5591f395704a <unknown>\nE       #7 0x5591f3938643 <unknown>\nE       #8 0x5591f3908d31 <unknown>\nE       #9 0x5591f390979e <unknown>\nE       #10 0x5591f3bbd25b <unknown>\nE       #11 0x5591f3bc11f2 <unknown>\nE       #12 0x5591f3baa615 <unknown>\nE       #13 0x5591f3bc1d82 <unknown>\nE       #14 0x5591f3b8f25f <unknown>\nE       #15 0x5591f3be4e68 <unknown>\nE       #16 0x5591f3be5040 <unknown>\nE       #17 0x5591f3bf449c <unknown>\nE       #18 0x7fcb00094ac3 <unknown>\n\n/opt/hostedtoolcache/Python/3.10.14/x64/lib/python3.10/site-packages/selenium/webdriver/support/wait.py:105: TimeoutException","flaky":false,"newFailed":false,"newBroken":false,"newPassed":false,"retriesCount":0,"retriesStatusChange":false,"beforeStages":[{"name":"_xunit_setup_method_fixture_TestProgmusix","time":{"start":1724849773247,"stop":1724849773711,"duration":464},"status":"passed","steps":[],"attachments":[],"parameters":[],"shouldDisplayMessage":false,"stepsCount":0,"attachmentsCount":0,"hasContent":false,"attachmentStep":false}],"afterStages":[{"name":"_xunit_setup_method_fixture_TestProgmusix::0","time":{"start":1724849786449,"stop":1724849786503,"duration":54},"status":"passed","steps":[],"attachments":[],"parameters":[],"shouldDisplayMessage":false,"stepsCount":0,"attachmentsCount":0,"hasContent":false,"attachmentStep":false}],"labels":[{"name":"suite","value":"test_progmusix"},{"name":"subSuite","value":"TestProgmusix"},{"name":"host","value":"fv-az736-241"},{"name":"thread","value":"3320-MainThread"},{"name":"framework","value":"pytest"},{"name":"language","value":"cpython3"},{"name":"package","value":"test_progmusix"},{"name":"resultFormat","value":"allure2"}],"parameters":[],"links":[],"hidden":false,"retry":false,"extra":{"severity":"normal","retries":[],"categories":[{"name":"Test defects","matchedStatuses":[],"flaky":false}],"tags":[]},"source":"b4185d009e9a722.json","parameterValues":[]}