{"uid":"3c23cfe59913e834","name":"test_contact","fullName":"test_progmusix.TestProgmusix#test_contact","historyId":"b5dce28c82d19d1a9dd51e40aa11eb9f","time":{"start":1724849201042,"stop":1724849213704,"duration":12662},"status":"broken","statusMessage":"selenium.common.exceptions.TimeoutException: Message: \nStacktrace:\n#0 0x55af812ec6ca <unknown>\n#1 0x55af80fbd600 <unknown>\n#2 0x55af8100cbcb <unknown>\n#3 0x55af8100ceb1 <unknown>\n#4 0x55af81050b24 <unknown>\n#5 0x55af8102f8cd <unknown>\n#6 0x55af8104e04a <unknown>\n#7 0x55af8102f643 <unknown>\n#8 0x55af80fffd31 <unknown>\n#9 0x55af8100079e <unknown>\n#10 0x55af812b425b <unknown>\n#11 0x55af812b81f2 <unknown>\n#12 0x55af812a1615 <unknown>\n#13 0x55af812b8d82 <unknown>\n#14 0x55af8128625f <unknown>\n#15 0x55af812dbe68 <unknown>\n#16 0x55af812dc040 <unknown>\n#17 0x55af812eb49c <unknown>\n#18 0x7f994e294ac3 <unknown>","statusTrace":"self = <test_progmusix.TestProgmusix object at 0x7fe9e7de1150>\n\n    def test_contact(self):\n>       self.page.contact_method()\n\ntest_progmusix.py:36: \n_ _ _ _ _ _ _ _ _ _ _ _ _ _ _ _ _ _ _ _ _ _ _ _ _ _ _ _ _ _ _ _ _ _ _ _ _ _ _ _ \npage_model.py:216: in contact_method\n    self.contact_sent_btn().click()\npage_model.py:170: in contact_sent_btn\n    return WebDriverWait(self.browser, 10).until(EC.visibility_of_element_located((By.XPATH, '//button[@color=\"accent\"]')))\n_ _ _ _ _ _ _ _ _ _ _ _ _ _ _ _ _ _ _ _ _ _ _ _ _ _ _ _ _ _ _ _ _ _ _ _ _ _ _ _ \n\nself = <selenium.webdriver.support.wait.WebDriverWait (session=\"765f541ae5318d8565121e4827040ce4\")>\nmethod = <function visibility_of_element_located.<locals>._predicate at 0x7fe9e7ab6b00>\nmessage = ''\n\n    def until(self, method: Callable[[D], Union[Literal[False], T]], message: str = \"\") -> T:\n        \"\"\"Calls the method provided with the driver as an argument until the \\\n        return value does not evaluate to ``False``.\n    \n        :param method: callable(WebDriver)\n        :param message: optional message for :exc:`TimeoutException`\n        :returns: the result of the last call to `method`\n        :raises: :exc:`selenium.common.exceptions.TimeoutException` if timeout occurs\n        \"\"\"\n        screen = None\n        stacktrace = None\n    \n        end_time = time.monotonic() + self._timeout\n        while True:\n            try:\n                value = method(self._driver)\n                if value:\n                    return value\n            except self._ignored_exceptions as exc:\n                screen = getattr(exc, \"screen\", None)\n                stacktrace = getattr(exc, \"stacktrace\", None)\n            time.sleep(self._poll)\n            if time.monotonic() > end_time:\n                break\n>       raise TimeoutException(message, screen, stacktrace)\nE       selenium.common.exceptions.TimeoutException: Message: \nE       Stacktrace:\nE       #0 0x55af812ec6ca <unknown>\nE       #1 0x55af80fbd600 <unknown>\nE       #2 0x55af8100cbcb <unknown>\nE       #3 0x55af8100ceb1 <unknown>\nE       #4 0x55af81050b24 <unknown>\nE       #5 0x55af8102f8cd <unknown>\nE       #6 0x55af8104e04a <unknown>\nE       #7 0x55af8102f643 <unknown>\nE       #8 0x55af80fffd31 <unknown>\nE       #9 0x55af8100079e <unknown>\nE       #10 0x55af812b425b <unknown>\nE       #11 0x55af812b81f2 <unknown>\nE       #12 0x55af812a1615 <unknown>\nE       #13 0x55af812b8d82 <unknown>\nE       #14 0x55af8128625f <unknown>\nE       #15 0x55af812dbe68 <unknown>\nE       #16 0x55af812dc040 <unknown>\nE       #17 0x55af812eb49c <unknown>\nE       #18 0x7f994e294ac3 <unknown>\n\n/opt/hostedtoolcache/Python/3.10.14/x64/lib/python3.10/site-packages/selenium/webdriver/support/wait.py:105: TimeoutException","flaky":false,"newFailed":false,"newBroken":false,"newPassed":false,"retriesCount":0,"retriesStatusChange":false,"beforeStages":[{"name":"_xunit_setup_method_fixture_TestProgmusix","time":{"start":1724849200615,"stop":1724849201041,"duration":426},"status":"passed","steps":[],"attachments":[],"parameters":[],"shouldDisplayMessage":false,"stepsCount":0,"attachmentsCount":0,"hasContent":false,"attachmentStep":false}],"afterStages":[{"name":"_xunit_setup_method_fixture_TestProgmusix::0","time":{"start":1724849213745,"stop":1724849213800,"duration":55},"status":"passed","steps":[],"attachments":[],"parameters":[],"shouldDisplayMessage":false,"stepsCount":0,"attachmentsCount":0,"hasContent":false,"attachmentStep":false}],"labels":[{"name":"suite","value":"test_progmusix"},{"name":"subSuite","value":"TestProgmusix"},{"name":"host","value":"fv-az1433-55"},{"name":"thread","value":"3555-MainThread"},{"name":"framework","value":"pytest"},{"name":"language","value":"cpython3"},{"name":"package","value":"test_progmusix"},{"name":"resultFormat","value":"allure2"}],"parameters":[],"links":[],"hidden":false,"retry":false,"extra":{"severity":"normal","retries":[],"categories":[{"name":"Test defects","matchedStatuses":[],"flaky":false}],"tags":[]},"source":"3c23cfe59913e834.json","parameterValues":[]}